_|          _|  _|_|  _|          _|  _|_|_|_|_|  _|_|    _|_|  
_|          _|_|    _|_|          _|        _|  _|    _|_|    _|
_|    _|    _|_|    _|_|    _|    _|      _|    _|    _|_|    _|
  _|  _|  _|  _|    _|  _|  _|  _|      _|      _|    _|_|    _|
    _|  _|      _|_|      _|  _|      _|_|_|_|_|  _|_|    _|_|  
Menu


Selamat datang di Wow Zoo. Wow Zoo merupakan Virtual Zoo yang berisi 24 spesies.

Menu : 
1 : Display Map 
2 : Zoo Info 
3 : Tour 
4 : Banyak Animal 
5 : Jumlah Konsumsi Hewan 
6 : Jumlah Cage 
0 : exit
Jumlah cage dalam Virtual Zoo ini adalah : 7
Tekan enter_|          _|  _|_|  _|          _|  _|_|_|_|_|  _|_|    _|_|  
_|          _|_|    _|_|          _|        _|  _|    _|_|    _|
_|    _|    _|_|    _|_|    _|    _|      _|    _|    _|_|    _|
  _|  _|  _|  _|    _|  _|  _|  _|      _|      _|    _|_|    _|
    _|  _|      _|_|      _|  _|      _|_|_|_|_|  _|_|    _|_|  
Menu


Selamat datang di Wow Zoo. Wow Zoo merupakan Virtual Zoo yang berisi 24 spesies.

Menu : 
1 : Display Map 
2 : Zoo Info 
3 : Tour 
4 : Banyak Animal 
5 : Jumlah Konsumsi Hewan 
6 : Jumlah Cage 
0 : exit
